<?xml version="1.0" encoding="UTF-8"?>
<!-- Generated by org.testng.reporters.JUnitReportReporter -->
<testsuite hostname="LAPTOP-IDOFSBDA" failures="0" tests="1" name="testcases.SignupTest" time="12.478" errors="0" timestamp="2023-02-25T12:17:02 IST" skipped="0">
  <testcase classname="testcases.SignupTest" name="Signup" time="12.478"/>
  <system-out/>
</testsuite> <!-- testcases.SignupTest -->
