<?xml version="1.0" encoding="UTF-8"?>
<!-- Generated by org.testng.reporters.JUnitReportReporter -->
<testsuite hostname="LAPTOP-IDOFSBDA" failures="0" tests="1" name="testcases.SearchforOneWayTest" time="7.300" errors="0" timestamp="2023-02-25T12:06:05 IST" skipped="0">
  <testcase classname="testcases.SearchforOneWayTest" name="FlightSearch" time="7.300"/>
  <system-out/>
</testsuite> <!-- testcases.SearchforOneWayTest -->
