<?xml version="1.0" encoding="UTF-8"?>
<!-- Generated by org.testng.reporters.JUnitReportReporter -->
<testsuite hostname="LAPTOP-IDOFSBDA" failures="0" tests="1" name="testcases.SelectaFlightTest" time="20.806" errors="0" timestamp="2023-02-25T12:07:35 IST" skipped="0">
  <testcase classname="testcases.SelectaFlightTest" name="BookFlight" time="20.806"/>
  <system-out/>
</testsuite> <!-- testcases.SelectaFlightTest -->
