<?xml version="1.0" encoding="UTF-8"?>
<!-- Generated by org.testng.reporters.JUnitReportReporter -->
<testsuite hostname="LAPTOP-IDOFSBDA" failures="0" tests="1" name="testcases.SearchforRoundtripTest" time="9.873" errors="0" timestamp="2023-02-25T12:06:05 IST" skipped="0">
  <testcase classname="testcases.SearchforRoundtripTest" name="FlightSearch" time="9.873"/>
  <system-out/>
</testsuite> <!-- testcases.SearchforRoundtripTest -->
