<?xml version="1.0" encoding="UTF-8"?>
<!-- Generated by org.testng.reporters.JUnitReportReporter -->
<testsuite hostname="LAPTOP-IDOFSBDA" failures="0" tests="3" name="testcases.ValidationTest" time="17.860" errors="0" timestamp="2023-02-25T12:06:05 IST" skipped="0">
  <testcase classname="testcases.ValidationTest" name="ValidationOnElement1" time="6.432"/>
  <system-out/>
  <testcase classname="testcases.ValidationTest" name="ValidationOnElement2" time="5.167"/>
  <system-out/>
  <testcase classname="testcases.ValidationTest" name="ValidationOnElement3" time="6.261"/>
  <system-out/>
</testsuite> <!-- testcases.ValidationTest -->
